  Cloth.cpp
c:\users\administrator\desktop\simulation rd\2_pbd\pbd_cloth\pbd_cloth\shader.h(56): warning C4101: 'e': unreferenced local variable
c:\users\administrator\desktop\simulation rd\2_pbd\pbd_cloth\pbd_cloth\cloth.cpp(115): warning C4018: '<': signed/unsigned mismatch
c:\users\administrator\desktop\simulation rd\2_pbd\pbd_cloth\pbd_cloth\cloth.cpp(137): warning C4018: '<': signed/unsigned mismatch
c:\users\administrator\desktop\simulation rd\2_pbd\pbd_cloth\pbd_cloth\cloth.cpp(170): warning C4018: '<': signed/unsigned mismatch
c:\users\administrator\desktop\simulation rd\2_pbd\pbd_cloth\pbd_cloth\cloth.cpp(185): warning C4018: '<': signed/unsigned mismatch
  PBD_Cloth.cpp
c:\users\administrator\desktop\simulation rd\2_pbd\pbd_cloth\pbd_cloth\shader.h(56): warning C4101: 'e': unreferenced local variable
c:\users\administrator\desktop\simulation rd\2_pbd\pbd_cloth\pbd_cloth\pbd_cloth.cpp(65): warning C4305: 'initializing': truncation from 'double' to 'float'
c:\users\administrator\desktop\simulation rd\2_pbd\pbd_cloth\pbd_cloth\pbd_cloth.cpp(159): warning C4244: 'initializing': conversion from 'double' to 'float', possible loss of data
c:\users\administrator\desktop\simulation rd\2_pbd\pbd_cloth\pbd_cloth\pbd_cloth.cpp(234): warning C4244: 'initializing': conversion from 'double' to 'float', possible loss of data
c:\users\administrator\desktop\simulation rd\2_pbd\pbd_cloth\pbd_cloth\pbd_cloth.cpp(262): warning C4244: '=': conversion from 'double' to 'float', possible loss of data
c:\users\administrator\desktop\simulation rd\2_pbd\pbd_cloth\pbd_cloth\pbd_cloth.cpp(263): warning C4244: '=': conversion from 'double' to 'float', possible loss of data
c:\users\administrator\desktop\simulation rd\2_pbd\pbd_cloth\pbd_cloth\pbd_cloth.cpp(267): warning C4244: 'initializing': conversion from 'double' to 'float', possible loss of data
c:\users\administrator\desktop\simulation rd\2_pbd\pbd_cloth\pbd_cloth\pbd_cloth.cpp(268): warning C4244: 'initializing': conversion from 'double' to 'float', possible loss of data
c:\users\administrator\desktop\simulation rd\2_pbd\pbd_cloth\pbd_cloth\pbd_cloth.cpp(269): warning C4244: '=': conversion from 'double' to 'float', possible loss of data
c:\users\administrator\desktop\simulation rd\2_pbd\pbd_cloth\pbd_cloth\pbd_cloth.cpp(270): warning C4244: '=': conversion from 'double' to 'float', possible loss of data
c:\users\administrator\desktop\simulation rd\2_pbd\pbd_cloth\pbd_cloth\pbd_cloth.cpp(307): warning C4305: 'initializing': truncation from 'double' to 'float'
  Generating Code...
  PBD_Cloth.vcxproj -> C:\Users\Administrator\Desktop\Simulation RD\2_PBD\PBD_Cloth\Debug\PBD_Cloth.exe
